
2013-04-23 17:56:25,198 INFO report对比有改变
2013-04-23 17:56:25,207 INFO 集成操作成功
2013-04-23 17:56:25,381 INFO 进程删除成功
2013-04-23 17:56:25,381 INFO 准备复制olddir，scofile
2013-04-23 17:57:02,618 INFO 复制olddir，scofile成功
2013-04-23 17:57:56,473 INFO report对比有改变
2013-04-23 17:57:56,483 INFO 集成操作成功
2013-04-23 17:57:56,694 INFO 进程删除成功
2013-04-23 17:57:56,694 INFO 准备复制olddir，scofile
2013-04-23 17:58:32,263 INFO 复制olddir，scofile成功
2013-04-23 18:02:32,390 INFO report没改变，不做操作
2013-04-23 18:04:10,594 INFO report对比有改变
2013-04-23 18:04:10,605 INFO 集成操作成功
2013-04-23 18:04:10,828 INFO 程序已关闭/未打开
2013-04-23 18:04:10,828 INFO 准备复制olddir，scofile
2013-04-23 18:04:49,710 INFO 复制olddir，scofile成功
2013-04-23 18:05:55,953 INFO report没改变，不做操作
2013-04-23 18:06:24,890 INFO report对比有改变
2013-04-23 18:06:24,901 INFO 集成操作成功
2013-04-23 18:06:24,903 INFO 准备复制olddir，scofile
2013-04-23 18:07:00,292 INFO 复制olddir，scofile成功
2013-04-23 18:07:54,444 INFO report没改变，不做操作
2013-04-23 18:08:24,546 INFO report对比有改变
2013-04-23 18:08:24,549 INFO 集成操作成功
2013-04-23 18:08:24,779 INFO 程序已关闭/未打开
2013-04-23 18:08:24,779 INFO 准备复制olddir，scofile
2013-04-23 18:08:56,821 INFO 复制olddir，scofile成功
2013-04-23 18:09:26,861 INFO report没改变，不做操作
2013-04-23 18:09:56,901 INFO report没改变，不做操作
2013-04-23 18:10:26,934 INFO report对比有改变
2013-04-23 18:10:26,947 INFO 集成操作成功
2013-04-23 18:10:27,250 INFO 程序已关闭/未打开
2013-04-23 18:10:27,250 INFO 准备复制olddir，scofile
2013-04-23 18:11:01,490 INFO 复制olddir，scofile成功
2013-04-23 18:11:31,532 INFO report对比有改变
2013-04-23 18:11:31,543 INFO 集成操作成功
2013-04-23 18:11:31,732 INFO 程序已关闭/未打开
2013-04-23 18:11:31,732 INFO 准备复制olddir，scofile
2013-04-23 18:12:06,605 INFO 复制olddir，scofile成功
